Symbol range map extraction starting
Processing 36 files
startProcessing "net\mcreator\ruby_mod\ClientProxyruby_mod.java" md5: 7be9e90fabeda9b1f1383f8e4c433aca
Cache Hit!
endProcessing "net\mcreator\ruby_mod\ClientProxyruby_mod.java"

startProcessing "net\mcreator\ruby_mod\CommonProxyruby_mod.java" md5: 320ba3007afd18a70c0325b6bf60634b
Cache Hit!
endProcessing "net\mcreator\ruby_mod\CommonProxyruby_mod.java"

startProcessing "net\mcreator\ruby_mod\MCreatorBodycrafting.java" md5: bd51d32c0f845913727ddf2f304edff3
Cache Hit!
endProcessing "net\mcreator\ruby_mod\MCreatorBodycrafting.java"

startProcessing "net\mcreator\ruby_mod\MCreatorBootscrafting.java" md5: 7f50b175b1800b3db9b01f15ad6ba67e
Cache Hit!
endProcessing "net\mcreator\ruby_mod\MCreatorBootscrafting.java"

startProcessing "net\mcreator\ruby_mod\MCreatorBootscrafting2.java" md5: 0d0534d8741b19bc96d62fc4240835b8
Cache Hit!
endProcessing "net\mcreator\ruby_mod\MCreatorBootscrafting2.java"

startProcessing "net\mcreator\ruby_mod\MCreatorHelmetcrafting.java" md5: c88bd8b1b181a12b4f33ca7c871e1c3d
Cache Hit!
endProcessing "net\mcreator\ruby_mod\MCreatorHelmetcrafting.java"

startProcessing "net\mcreator\ruby_mod\MCreatorLeggingscrafting.java" md5: 1ed90e076130b20bd7899e65f233f1eb
Cache Hit!
endProcessing "net\mcreator\ruby_mod\MCreatorLeggingscrafting.java"

startProcessing "net\mcreator\ruby_mod\MCreatorRuby.java" md5: 625b7a30cc9e7559611b27cb3a110400
Cache Hit!
endProcessing "net\mcreator\ruby_mod\MCreatorRuby.java"

startProcessing "net\mcreator\ruby_mod\MCreatorRubyArmor.java" md5: 3e98e4908ff9a4861acce64d10636e65
Cache Hit!
endProcessing "net\mcreator\ruby_mod\MCreatorRubyArmor.java"

startProcessing "net\mcreator\ruby_mod\MCreatorRubyaxe.java" md5: 7bfb50d17068817029a60ad561a5e42f
Cache Hit!
endProcessing "net\mcreator\ruby_mod\MCreatorRubyaxe.java"

startProcessing "net\mcreator\ruby_mod\MCreatorRubyaxecrafting.java" md5: 521f17b30827ec919c779e978ea9b458
Cache Hit!
endProcessing "net\mcreator\ruby_mod\MCreatorRubyaxecrafting.java"

startProcessing "net\mcreator\ruby_mod\MCreatorRubybattleaxe.java" md5: 9f0fc9b5fd24ffa679af2e7d602d6cdf
Cache Hit!
endProcessing "net\mcreator\ruby_mod\MCreatorRubybattleaxe.java"

startProcessing "net\mcreator\ruby_mod\MCreatorRubybattleaxecrafting.java" md5: 92d9d3d31f5000d534286e9e4ffaf943
Cache Hit!
endProcessing "net\mcreator\ruby_mod\MCreatorRubybattleaxecrafting.java"

startProcessing "net\mcreator\ruby_mod\MCreatorRubybettersword.java" md5: 3d377d93c6c1dcb4227276c37b0ddf78
Cache Hit!
endProcessing "net\mcreator\ruby_mod\MCreatorRubybettersword.java"

startProcessing "net\mcreator\ruby_mod\MCreatorRubybiome.java" md5: 534cee913bb726828c2c1686c2535511
Cache Hit!
endProcessing "net\mcreator\ruby_mod\MCreatorRubybiome.java"

startProcessing "net\mcreator\ruby_mod\MCreatorRubyblock.java" md5: 6e8527e5df10390291f8249ce8151a8c
Cache Hit!
endProcessing "net\mcreator\ruby_mod\MCreatorRubyblock.java"

startProcessing "net\mcreator\ruby_mod\MCreatorRubyblockcrafting.java" md5: 4c74315bc5131e81e1a346984333e4a8
Cache Hit!
endProcessing "net\mcreator\ruby_mod\MCreatorRubyblockcrafting.java"

startProcessing "net\mcreator\ruby_mod\MCreatorRubybow.java" md5: 9cd6fcee0dd35c77e63ebae25148c859
Cache Hit!
endProcessing "net\mcreator\ruby_mod\MCreatorRubybow.java"

startProcessing "net\mcreator\ruby_mod\MCreatorRubycrafting.java" md5: 27373c811314c558d66f3f15a264f03f
Cache Hit!
endProcessing "net\mcreator\ruby_mod\MCreatorRubycrafting.java"

startProcessing "net\mcreator\ruby_mod\MCreatorRubycrafting2.java" md5: b98bfc5a16f185b972dc82195d7dbb49
Cache Hit!
endProcessing "net\mcreator\ruby_mod\MCreatorRubycrafting2.java"

startProcessing "net\mcreator\ruby_mod\MCreatorRubydimension.java" md5: 548c5375f8a69af7558f96c809bf08e2
Cache Hit!
endProcessing "net\mcreator\ruby_mod\MCreatorRubydimension.java"

startProcessing "net\mcreator\ruby_mod\MCreatorRubydirt.java" md5: a21162f7d33ae7d8ba54d19c8814a10f
Cache Hit!
endProcessing "net\mcreator\ruby_mod\MCreatorRubydirt.java"

startProcessing "net\mcreator\ruby_mod\MCreatorRubyhoe.java" md5: f5fac9ecd0d5281635da2175ae139f79
Cache Hit!
endProcessing "net\mcreator\ruby_mod\MCreatorRubyhoe.java"

startProcessing "net\mcreator\ruby_mod\MCreatorRubyhoecrafting.java" md5: 05f7ded6790e5253a1feacaf17595e67
Cache Hit!
endProcessing "net\mcreator\ruby_mod\MCreatorRubyhoecrafting.java"

startProcessing "net\mcreator\ruby_mod\MCreatorRubynuggercrafting.java" md5: e190d0dbd71c8b569b46388daacf41bd
Cache Hit!
endProcessing "net\mcreator\ruby_mod\MCreatorRubynuggercrafting.java"

startProcessing "net\mcreator\ruby_mod\MCreatorRubynugget.java" md5: 04f0f8f3c1f2a58c6359ecccded7ae3d
Cache Hit!
endProcessing "net\mcreator\ruby_mod\MCreatorRubynugget.java"

startProcessing "net\mcreator\ruby_mod\MCreatorRubyore.java" md5: cc60e4154363fb042172e11f14677602
Cache Hit!
endProcessing "net\mcreator\ruby_mod\MCreatorRubyore.java"

startProcessing "net\mcreator\ruby_mod\MCreatorRubypickaxe.java" md5: 989bfaedd6512ec3668154f80c12a65b
Cache Hit!
endProcessing "net\mcreator\ruby_mod\MCreatorRubypickaxe.java"

startProcessing "net\mcreator\ruby_mod\MCreatorRubypickaxecrafting.java" md5: 7f356bbae759e935a7f9c91f021c5049
Cache Hit!
endProcessing "net\mcreator\ruby_mod\MCreatorRubypickaxecrafting.java"

startProcessing "net\mcreator\ruby_mod\MCreatorRubyshovel.java" md5: 427b9c131b0e455cc6cefb56993c0d80
Cache Hit!
endProcessing "net\mcreator\ruby_mod\MCreatorRubyshovel.java"

startProcessing "net\mcreator\ruby_mod\MCreatorRubyshovelcrafting.java" md5: 04f7cb89e5d92a8bd0e022875f3889a5
Cache Hit!
endProcessing "net\mcreator\ruby_mod\MCreatorRubyshovelcrafting.java"

startProcessing "net\mcreator\ruby_mod\MCreatorRubysword.java" md5: 25f3154567b5de7766b319c1d2ead926
Cache Hit!
endProcessing "net\mcreator\ruby_mod\MCreatorRubysword.java"

startProcessing "net\mcreator\ruby_mod\MCreatorRubyswordcrafting.java" md5: 62225c6f6989800fc63e14f3654dfa5a
Cache Hit!
endProcessing "net\mcreator\ruby_mod\MCreatorRubyswordcrafting.java"

startProcessing "net\mcreator\ruby_mod\MCreatorStonewithruby.java" md5: 0714392ea368578c41df5a25e92fed8d
Cache Hit!
endProcessing "net\mcreator\ruby_mod\MCreatorStonewithruby.java"

startProcessing "net\mcreator\ruby_mod\ruby_mod.java" md5: 6a8a05400dd35dbb8fdf0b46f5618a32
Cache Hit!
endProcessing "net\mcreator\ruby_mod\ruby_mod.java"

startProcessing "net\mcreator\ruby_mod\ruby_modVariables.java" md5: 6d75a072a082586239f6f5600a555a10
Cache Hit!
endProcessing "net\mcreator\ruby_mod\ruby_modVariables.java"

