[17:47:56] [main/INFO] [GradleStart]: Extra: []
[17:47:56] [main/INFO] [GradleStart]: Running with arguments: [--userProperties, {}, --assetsDir, C:/Users/jacob/.mcreator/gradle/caches/minecraft/assets, --assetIndex, 1.12, --accessToken{REDACTED}, --version, 1.12.2, --tweakClass, net.minecraftforge.fml.common.launcher.FMLTweaker, --tweakClass, net.minecraftforge.gradle.tweakers.CoremodTweaker]
[17:47:56] [main/INFO] [LaunchWrapper]: Loading tweak class name net.minecraftforge.fml.common.launcher.FMLTweaker
[17:47:56] [main/INFO] [LaunchWrapper]: Using primary tweak class name net.minecraftforge.fml.common.launcher.FMLTweaker
[17:47:56] [main/INFO] [LaunchWrapper]: Loading tweak class name net.minecraftforge.gradle.tweakers.CoremodTweaker
[17:47:56] [main/INFO] [LaunchWrapper]: Calling tweak class net.minecraftforge.fml.common.launcher.FMLTweaker
[17:47:56] [main/INFO] [FML]: Forge Mod Loader version 14.23.5.2768 for Minecraft 1.12.2 loading
[17:47:56] [main/INFO] [FML]: Java is LibericaJDK 64-Bit Server VM, version 1.8.0_212, running on Windows 10:amd64:10.0, installed at C:\Program Files\Pylo\MCreator\jdk\jre
[17:47:56] [main/ERROR] [FML]: Apache Maven library folder was not in the format expected. Using default libraries directory.
[17:47:56] [main/ERROR] [FML]: Full: C:\Users\jacob\.mcreator\gradle\caches\modules-2\files-2.1\org.apache.maven\maven-artifact\3.5.3\7dc72b6d6d8a6dced3d294ed54c2cc3515ade9f4\maven-artifact-3.5.3.jar
[17:47:56] [main/ERROR] [FML]: Trimmed: c:/users/jacob/.mcreator/gradle/caches/modules-2/files-2.1/org.apache.maven/maven-artifact/3.5.3/
[17:47:56] [main/INFO] [FML]: Managed to load a deobfuscated Minecraft name- we are in a deobfuscated environment. Skipping runtime deobfuscation
[17:47:56] [main/INFO] [FML]: Detected deobfuscated environment, loading log configs for colored console logs.
[17:47:57] [main/INFO] [FML]: Ignoring missing certificate for coremod FMLCorePlugin (net.minecraftforge.fml.relauncher.FMLCorePlugin), we are in deobf and it's a forge core plugin
[17:47:57] [main/INFO] [FML]: Ignoring missing certificate for coremod FMLForgePlugin (net.minecraftforge.classloading.FMLForgePlugin), we are in deobf and it's a forge core plugin
[17:47:57] [main/INFO] [FML]: Searching C:\Users\jacob\MCreatorWorkspaces\ruby_mod\run\.\mods for mods
[17:47:57] [main/INFO] [FML]: Loading tweaker net.minecraftxray.loader.XRayTweaker from XRay-Mod-v58-Modded-1.12.2.jar
[17:47:57] [main/INFO] [LaunchWrapper]: Calling tweak class net.minecraftforge.gradle.tweakers.CoremodTweaker
[17:47:57] [main/INFO] [GradleStart]: Injecting location in coremod net.minecraftforge.fml.relauncher.FMLCorePlugin
[17:47:57] [main/INFO] [GradleStart]: Injecting location in coremod net.minecraftforge.classloading.FMLForgePlugin
[17:47:57] [main/INFO] [LaunchWrapper]: Loading tweak class name net.minecraftforge.fml.common.launcher.FMLInjectionAndSortingTweaker
[17:47:57] [main/INFO] [LaunchWrapper]: Loading tweak class name net.minecraftxray.loader.XRayTweaker
[17:47:57] [main/INFO] [LaunchWrapper]: Loading tweak class name net.minecraftforge.fml.common.launcher.FMLDeobfTweaker
[17:47:57] [main/INFO] [LaunchWrapper]: Loading tweak class name net.minecraftforge.gradle.tweakers.AccessTransformerTweaker
[17:47:57] [main/INFO] [LaunchWrapper]: Calling tweak class net.minecraftforge.fml.common.launcher.FMLInjectionAndSortingTweaker
[17:47:57] [main/INFO] [LaunchWrapper]: Calling tweak class net.minecraftforge.fml.common.launcher.FMLInjectionAndSortingTweaker
[17:47:57] [main/INFO] [LaunchWrapper]: Calling tweak class net.minecraftxray.loader.XRayTweaker
[17:47:57] [main/INFO] [LaunchWrapper]: XRayTweaker v58
[17:47:57] [main/INFO] [LaunchWrapper]: Detected Minecraft version: 1.12.2
[17:47:57] [main/INFO] [LaunchWrapper]: Calling tweak class net.minecraftforge.fml.relauncher.CoreModManager$FMLPluginWrapper
[17:47:58] [main/ERROR] [FML]: FML appears to be missing any signature data. This is not a good thing
[17:47:58] [main/INFO] [LaunchWrapper]: Calling tweak class net.minecraftforge.fml.relauncher.CoreModManager$FMLPluginWrapper
[17:47:58] [main/INFO] [LaunchWrapper]: Calling tweak class net.minecraftforge.fml.common.launcher.FMLDeobfTweaker
[17:47:58] [main/INFO] [LaunchWrapper]: Calling tweak class net.minecraftforge.gradle.tweakers.AccessTransformerTweaker
[17:47:58] [main/INFO] [LaunchWrapper]: Loading tweak class name net.minecraftforge.fml.common.launcher.TerminalTweaker
[17:47:58] [main/INFO] [LaunchWrapper]: Calling tweak class net.minecraftforge.fml.common.launcher.TerminalTweaker
[17:47:58] [main/INFO] [LaunchWrapper]: Launching wrapped minecraft {net.minecraft.client.main.Main}
[17:47:58] [main/ERROR] [LaunchWrapper]: Unable to launch
java.lang.reflect.InvocationTargetException: null
	at sun.reflect.NativeMethodAccessorImpl.invoke0(Native Method) ~[?:1.8.0_212]
	at sun.reflect.NativeMethodAccessorImpl.invoke(NativeMethodAccessorImpl.java:62) ~[?:1.8.0_212]
	at sun.reflect.DelegatingMethodAccessorImpl.invoke(DelegatingMethodAccessorImpl.java:43) ~[?:1.8.0_212]
	at java.lang.reflect.Method.invoke(Method.java:498) ~[?:1.8.0_212]
	at net.minecraft.launchwrapper.Launch.launch(Launch.java:135) [launchwrapper-1.12.jar:?]
	at net.minecraft.launchwrapper.Launch.main(Launch.java:28) [launchwrapper-1.12.jar:?]
	at sun.reflect.NativeMethodAccessorImpl.invoke0(Native Method) ~[?:1.8.0_212]
	at sun.reflect.NativeMethodAccessorImpl.invoke(NativeMethodAccessorImpl.java:62) ~[?:1.8.0_212]
	at sun.reflect.DelegatingMethodAccessorImpl.invoke(DelegatingMethodAccessorImpl.java:43) ~[?:1.8.0_212]
	at java.lang.reflect.Method.invoke(Method.java:498) ~[?:1.8.0_212]
	at net.minecraftforge.gradle.GradleStartCommon.launch(GradleStartCommon.java:97) [start/:?]
	at GradleStart.main(GradleStart.java:25) [start/:?]
Caused by: java.lang.NoClassDefFoundError: net/minecraft/client/Minecraft
	at net.minecraft.client.main.Main.main(Main.java:42) ~[Main.class:?]
	... 12 more
Caused by: java.lang.ClassNotFoundException: net.minecraft.client.Minecraft
	at net.minecraft.launchwrapper.LaunchClassLoader.findClass(LaunchClassLoader.java:191) ~[launchwrapper-1.12.jar:?]
	at java.lang.ClassLoader.loadClass(ClassLoader.java:424) ~[?:1.8.0_212]
	at java.lang.ClassLoader.loadClass(ClassLoader.java:357) ~[?:1.8.0_212]
	at net.minecraft.client.main.Main.main(Main.java:42) ~[Main.class:?]
	... 12 more
Caused by: java.lang.NullPointerException
	at net.minecraftxray.cy.a(Unknown Source) ~[XRay-Mod-v58-Modded-1.12.2.jar:?]
	at net.minecraftxray.cp.b(Unknown Source) ~[XRay-Mod-v58-Modded-1.12.2.jar:?]
	at net.minecraftxray.cB.a(Unknown Source) ~[XRay-Mod-v58-Modded-1.12.2.jar:?]
	at net.minecraftxray.cA.a(Unknown Source) ~[XRay-Mod-v58-Modded-1.12.2.jar:?]
	at net.minecraftxray.loader.d.a(SourceFile:286) ~[XRay-Mod-v58-Modded-1.12.2.jar:?]
	at net.minecraftxray.cA.a(Unknown Source) ~[XRay-Mod-v58-Modded-1.12.2.jar:?]
	at net.minecraftxray.cA.a(Unknown Source) ~[XRay-Mod-v58-Modded-1.12.2.jar:?]
	at net.minecraftxray.loader.f.a(SourceFile:470) ~[XRay-Mod-v58-Modded-1.12.2.jar:?]
	at net.minecraftxray.cn.a(Unknown Source) ~[XRay-Mod-v58-Modded-1.12.2.jar:?]
	at net.minecraftxray.loader.i.transform(SourceFile:15) ~[XRay-Mod-v58-Modded-1.12.2.jar:?]
	at net.minecraft.launchwrapper.LaunchClassLoader.runTransformers(LaunchClassLoader.java:279) ~[launchwrapper-1.12.jar:?]
	at net.minecraft.launchwrapper.LaunchClassLoader.findClass(LaunchClassLoader.java:176) ~[launchwrapper-1.12.jar:?]
	at java.lang.ClassLoader.loadClass(ClassLoader.java:424) ~[?:1.8.0_212]
	at java.lang.ClassLoader.loadClass(ClassLoader.java:357) ~[?:1.8.0_212]
	at net.minecraft.client.main.Main.main(Main.java:42) ~[Main.class:?]
	... 12 more
[17:47:58] [main/INFO] [STDERR]: [java.lang.ThreadGroup:uncaughtException:1052]: java.lang.reflect.InvocationTargetException
[17:47:58] [main/INFO] [STDERR]: [java.lang.ThreadGroup:uncaughtException:1052]: 	at sun.reflect.NativeMethodAccessorImpl.invoke0(Native Method)
[17:47:58] [main/INFO] [STDERR]: [java.lang.ThreadGroup:uncaughtException:1052]: 	at sun.reflect.NativeMethodAccessorImpl.invoke(NativeMethodAccessorImpl.java:62)
[17:47:58] [main/INFO] [STDERR]: [java.lang.ThreadGroup:uncaughtException:1052]: 	at sun.reflect.DelegatingMethodAccessorImpl.invoke(DelegatingMethodAccessorImpl.java:43)
[17:47:58] [main/INFO] [STDERR]: [java.lang.ThreadGroup:uncaughtException:1052]: 	at java.lang.reflect.Method.invoke(Method.java:498)
[17:47:58] [main/INFO] [STDERR]: [java.lang.ThreadGroup:uncaughtException:1052]: 	at net.minecraftforge.gradle.GradleStartCommon.launch(GradleStartCommon.java:97)
[17:47:58] [main/INFO] [STDERR]: [java.lang.ThreadGroup:uncaughtException:1052]: 	at GradleStart.main(GradleStart.java:25)
[17:47:58] [main/INFO] [STDERR]: [java.lang.ThreadGroup:uncaughtException:1061]: Caused by: net.minecraftforge.fml.relauncher.FMLSecurityManager$ExitTrappedException
[17:47:58] [main/INFO] [STDERR]: [java.lang.ThreadGroup:uncaughtException:1061]: 	at net.minecraftforge.fml.relauncher.FMLSecurityManager.checkPermission(FMLSecurityManager.java:49)
[17:47:58] [main/INFO] [STDERR]: [java.lang.ThreadGroup:uncaughtException:1061]: 	at java.lang.SecurityManager.checkExit(SecurityManager.java:761)
[17:47:58] [main/INFO] [STDERR]: [java.lang.ThreadGroup:uncaughtException:1061]: 	at java.lang.Runtime.exit(Runtime.java:107)
[17:47:58] [main/INFO] [STDERR]: [java.lang.ThreadGroup:uncaughtException:1061]: 	at java.lang.System.exit(System.java:971)
[17:47:58] [main/INFO] [STDERR]: [java.lang.ThreadGroup:uncaughtException:1061]: 	at net.minecraft.launchwrapper.Launch.launch(Launch.java:138)
[17:47:58] [main/INFO] [STDERR]: [java.lang.ThreadGroup:uncaughtException:1061]: 	at net.minecraft.launchwrapper.Launch.main(Launch.java:28)
[17:47:58] [main/INFO] [STDERR]: [java.lang.ThreadGroup:uncaughtException:1061]: 	... 6 more
